<?xml version="1.0" encoding="UTF-8"?>
<testsuites tests="6" failures="0" disabled="0" errors="0" time="0.001" name="AllTests">
  <testsuite name="ChatTest" tests="6" failures="0" disabled="0" errors="0" time="0.001">
    <testcase name="AddUser" status="run" time="0" classname="ChatTest" />
    <testcase name="RemoveUser" status="run" time="0" classname="ChatTest" />
    <testcase name="SendMessage" status="run" time="0" classname="ChatTest" />
    <testcase name="AddUserWithoutResources" status="run" time="0" classname="ChatTest" />
    <testcase name="AddUserWithResources" status="run" time="0" classname="ChatTest" />
    <testcase name="AddFirstUserWithResourcesAnd2ndWithout" status="run" time="0" classname="ChatTest" />
  </testsuite>
</testsuites>
